<?xml version="1.0" encoding="UTF-8"?>
<!-- Generated by org.testng.reporters.JUnitReportReporter -->
<testsuite hostname="Shyam" failures="0" tests="1" name="in.reqres.qa.RestAssured.TC0002_AuthenticationTest" time="1.270" errors="0" timestamp="2022-09-11T13:43:30 GMT-04:00" skipped="0">
  <testcase classname="in.reqres.qa.RestAssured.TC0002_AuthenticationTest" name="authentication" time="1.270"/>
  <system-out/>
</testsuite> <!-- in.reqres.qa.RestAssured.TC0002_AuthenticationTest -->
