<?xml version="1.0" encoding="UTF-8"?>
<!-- Generated by org.testng.reporters.JUnitReportReporter -->
<testsuite hostname="Shyam" failures="0" tests="1" name="in.reqres.qa.RestAssured.TC0001_GetRequestTest" time="2.039" errors="0" timestamp="2022-09-11T13:32:32 GMT-04:00" skipped="0">
  <testcase classname="in.reqres.qa.RestAssured.TC0001_GetRequestTest" name="getListUser" time="2.039"/>
  <system-out/>
</testsuite> <!-- in.reqres.qa.RestAssured.TC0001_GetRequestTest -->
