<?xml version="1.0" encoding="UTF-8"?>
<!-- Generated by org.testng.reporters.JUnitReportReporter -->
<testsuite hostname="Shyam" failures="0" tests="1" name="in.reqres.qa.RestAssured.TC0003_PostRequestTest" time="1.356" errors="0" timestamp="2022-09-11T14:10:38 GMT-04:00" skipped="0">
  <testcase classname="in.reqres.qa.RestAssured.TC0003_PostRequestTest" name="createUser" time="1.356"/>
  <system-out/>
</testsuite> <!-- in.reqres.qa.RestAssured.TC0003_PostRequestTest -->
